<?xml version="1.0" encoding="UTF-8"?>
<testng-results total="2" passed="2" failed="0" skipped="0">
  <reporter-output>
  </reporter-output>
  <suite started-at="2022-05-06T15:14:29Z" name="Default suite" finished-at="2022-05-06T15:14:39Z" duration-ms="9938">
    <groups>
    </groups>
    <test started-at="2022-05-06T15:14:29Z" name="Default test" finished-at="2022-05-06T15:14:39Z" duration-ms="9938">
      <class name="org.api.Authentication">
        <test-method signature="login()[pri:0, instance:org.api.Authentication@5c669da8]" started-at="2022-05-06T20:44:29Z" name="login" finished-at="2022-05-06T20:44:35Z" duration-ms="6370" status="PASS">
          <reporter-output>
          </reporter-output>
        </test-method> <!-- login -->
        <test-method signature="SetAddress()[pri:0, instance:org.api.Authentication@5c669da8]" started-at="2022-05-06T20:44:35Z" name="SetAddress" finished-at="2022-05-06T20:44:39Z" duration-ms="3527" status="PASS">
          <reporter-output>
          </reporter-output>
        </test-method> <!-- SetAddress -->
      </class> <!-- org.api.Authentication -->
    </test> <!-- Default test -->
  </suite> <!-- Default suite -->
</testng-results>
